<?xml version="1.0" encoding="UTF-8" ?>
<testsuite errors="0" failures="0" hostname="FHER" name="service.ConsultasTest" skipped="0" tests="13" time="43.411" timestamp="2019-09-21T15:53:55">
  <properties>
[...]
</properties>
  <testcase classname="service.ConsultasTest" name="testLogin" time="1.489" />
  <testcase classname="service.ConsultasTest" name="testGetDoctorPorId" time="1.209" />
  <testcase classname="service.ConsultasTest" name="testEliminar_Cita" time="1.129" />
  <testcase classname="service.ConsultasTest" name="testGetPacientePorId" time="1.101" />
  <testcase classname="service.ConsultasTest" name="testModificarCita" time="6.251" />
  <testcase classname="service.ConsultasTest" name="testRegistrar" time="1.694" />
  <testcase classname="service.ConsultasTest" name="testGetCitasid" time="1.228" />
  <testcase classname="service.ConsultasTest" name="testCrearCita" time="1.464" />
  <testcase classname="service.ConsultasTest" name="testGetReporte2" time="3.262" />
  <testcase classname="service.ConsultasTest" name="testGetCitas" time="6.243" />
  <testcase classname="service.ConsultasTest" name="testGetPacientes" time="1.179" />
  <testcase classname="service.ConsultasTest" name="testGetReporte1" time="1.867" />
  <testcase classname="service.ConsultasTest" name="testGetDoctores" time="15.205" />
  <system-out><![CDATA[Inicia el test de la clase Consultas
Inicia el test del metodo ...
login
Conexion Establecida
Finaliza el test del metodo ...
Inicia el test del metodo ...
getDoctorPorId
Conexion Establecida
Finaliza el test del metodo ...
Inicia el test del metodo ...
Eliminar_Cita
Conexion Establecida
Finaliza el test del metodo ...
Inicia el test del metodo ...
getPacientePorId
Conexion Establecida
Finaliza el test del metodo ...
Inicia el test del metodo ...
modificarCita
Conexion Establecida
Finaliza el test del metodo ...
Inicia el test del metodo ...
registrar
Conexion Establecida
Finaliza el test del metodo ...
Inicia el test del metodo ...
getCitasid
Conexion Establecida
Finaliza el test del metodo ...
Inicia el test del metodo ...
crearCita
Conexion Establecida
Finaliza el test del metodo ...
Inicia el test del metodo ...
getReporte2
Conexion Establecida
Finaliza el test del metodo ...
Inicia el test del metodo ...
getCitas
Conexion Establecida
Finaliza el test del metodo ...
Inicia el test del metodo ...
getPacientes
Conexion Establecida
Finaliza el test del metodo ...
Inicia el test del metodo ...
getReporte1
Conexion Establecida
Finaliza el test del metodo ...
Inicia el test del metodo ...
getDoctores
Conexion Establecida
Finaliza el test del metodo ...
Finaliza el test de la clase Consultas
]]></system-out>
  <system-err><![CDATA[]]></system-err>
</testsuite>
