<?xml version="1.0" encoding="UTF-8" ?>
<testsuite errors="0" failures="0" hostname="FHER" name="service.DBTest" skipped="0" tests="2" time="0.315" timestamp="2019-09-21T09:04:12">
  <properties>
[...]
</properties>
  <testcase classname="service.DBTest" name="testObtener" time="0.255" />
  <testcase classname="service.DBTest" name="testCerrar" time="0.003" />
  <system-out><![CDATA[Inicia el test de la clase DB
Inicia el test del metodo ...obtener
Conexion Establecida
Finaliza el test del metodo ...Inicia el test del metodo ...cerrar
Finaliza el test del metodo ...Finaliza el test de la clase DB
]]></system-out>
  <system-err><![CDATA[]]></system-err>
</testsuite>
