<?xml version="1.0" encoding="UTF-8" ?>
<testsuite errors="1" failures="3" hostname="Corleto" name="service.ConsultasTest" skipped="0" tests="12" time="31.232" timestamp="2019-09-21T04:15:52">
  <properties>
[...]
</properties>
  <testcase classname="service.ConsultasTest" name="testModificarCita" time="4.342" />
  <testcase classname="service.ConsultasTest" name="testEliminar_Cita" time="0.004">
    <failure message="expected:&lt;true&gt; but was:&lt;false&gt;" type="junit.framework.AssertionFailedError">junit.framework.AssertionFailedError: expected:&lt;true&gt; but was:&lt;false&gt;
	at service.ConsultasTest.testEliminar_Cita(ConsultasTest.java:200)
</failure>
  </testcase>
  <testcase classname="service.ConsultasTest" name="testGetDoctorPorId" time="2.148" />
  <testcase classname="service.ConsultasTest" name="testGetPacientePorId" time="4.2" />
  <testcase classname="service.ConsultasTest" name="testLogin" time="2.434" />
  <testcase classname="service.ConsultasTest" name="testRegistrar" time="2.59">
    <failure message="expected:&lt;true&gt; but was:&lt;false&gt;" type="junit.framework.AssertionFailedError">junit.framework.AssertionFailedError: expected:&lt;true&gt; but was:&lt;false&gt;
	at service.ConsultasTest.testRegistrar(ConsultasTest.java:66)
</failure>
  </testcase>
  <testcase classname="service.ConsultasTest" name="testGetCitas" time="3.654" />
  <testcase classname="service.ConsultasTest" name="testGetDoctores" time="3.169" />
  <testcase classname="service.ConsultasTest" name="testCrearCita" time="3.042" />
  <testcase classname="service.ConsultasTest" name="testGetPacientes" time="3.486" />
  <testcase classname="service.ConsultasTest" name="testGetReporte2" time="0.004">
    <error type="java.lang.NullPointerException">java.lang.NullPointerException
	at service.Consultas.getReporte2(Consultas.java:290)
	at service.ConsultasTest.testGetReporte2(ConsultasTest.java:232)
</error>
  </testcase>
  <testcase classname="service.ConsultasTest" name="testGetReporte1" time="2.036">
    <failure message="The test case is a prototype." type="junit.framework.AssertionFailedError">junit.framework.AssertionFailedError: The test case is a prototype.
	at service.ConsultasTest.testGetReporte1(ConsultasTest.java:218)
</failure>
  </testcase>
  <system-out><![CDATA[Inicia el test de la clase Consultas
Inicia el test del metodo ...
modificarCita
Conexion Establecida
Finaliza el test del metodo ...
Inicia el test del metodo ...
Eliminar_Cita
Finaliza el test del metodo ...
Inicia el test del metodo ...
getDoctorPorId
Conexion Establecida
Finaliza el test del metodo ...
Inicia el test del metodo ...
getPacientePorId
Conexion Establecida
Finaliza el test del metodo ...
Inicia el test del metodo ...
login
Conexion Establecida
Finaliza el test del metodo ...
Inicia el test del metodo ...
registrar
Conexion Establecida
Finaliza el test del metodo ...
Inicia el test del metodo ...
getCitas
Conexion Establecida
Finaliza el test del metodo ...
Inicia el test del metodo ...
getDoctores
Conexion Establecida
Finaliza el test del metodo ...
Inicia el test del metodo ...
crearCita
Conexion Establecida
Finaliza el test del metodo ...
Inicia el test del metodo ...
getPacientes
Conexion Establecida
Finaliza el test del metodo ...
Inicia el test del metodo ...
getReporte2
Finaliza el test del metodo ...
Inicia el test del metodo ...
getReporte1
Conexion Establecida
Finaliza el test del metodo ...
Finaliza el test de la clase Consultas
]]></system-out>
  <system-err><![CDATA[sep 20, 2019 10:16:08 PM service.Consultas registrar
GRAVE: null
com.mysql.jdbc.exceptions.jdbc4.MySQLIntegrityConstraintViolationException: Duplicate entry 'inventado@protonmail.com' for key 'email'
	at sun.reflect.NativeConstructorAccessorImpl.newInstance0(Native Method)
	at sun.reflect.NativeConstructorAccessorImpl.newInstance(NativeConstructorAccessorImpl.java:62)
	at sun.reflect.DelegatingConstructorAccessorImpl.newInstance(DelegatingConstructorAccessorImpl.java:45)
	at java.lang.reflect.Constructor.newInstance(Constructor.java:423)
	at com.mysql.jdbc.Util.handleNewInstance(Util.java:425)
	at com.mysql.jdbc.Util.getInstance(Util.java:408)
	at com.mysql.jdbc.SQLError.createSQLException(SQLError.java:936)
	at com.mysql.jdbc.MysqlIO.checkErrorPacket(MysqlIO.java:3933)
	at com.mysql.jdbc.MysqlIO.checkErrorPacket(MysqlIO.java:3869)
	at com.mysql.jdbc.MysqlIO.sendCommand(MysqlIO.java:2524)
	at com.mysql.jdbc.MysqlIO.sqlQueryDirect(MysqlIO.java:2675)
	at com.mysql.jdbc.ConnectionImpl.execSQL(ConnectionImpl.java:2465)
	at com.mysql.jdbc.PreparedStatement.executeInternal(PreparedStatement.java:1912)
	at com.mysql.jdbc.PreparedStatement.executeUpdateInternal(PreparedStatement.java:2133)
	at com.mysql.jdbc.PreparedStatement.executeUpdateInternal(PreparedStatement.java:2067)
	at com.mysql.jdbc.PreparedStatement.executeLargeUpdate(PreparedStatement.java:5175)
	at com.mysql.jdbc.PreparedStatement.executeUpdate(PreparedStatement.java:2052)
	at service.Consultas.registrar(Consultas.java:35)
	at service.ConsultasTest.testRegistrar(ConsultasTest.java:65)
	at sun.reflect.NativeMethodAccessorImpl.invoke0(Native Method)
	at sun.reflect.NativeMethodAccessorImpl.invoke(NativeMethodAccessorImpl.java:62)
	at sun.reflect.DelegatingMethodAccessorImpl.invoke(DelegatingMethodAccessorImpl.java:43)
	at java.lang.reflect.Method.invoke(Method.java:498)
	at org.junit.runners.model.FrameworkMethod$1.runReflectiveCall(FrameworkMethod.java:45)
	at org.junit.internal.runners.model.ReflectiveCallable.run(ReflectiveCallable.java:15)
	at org.junit.runners.model.FrameworkMethod.invokeExplosively(FrameworkMethod.java:42)
	at org.junit.internal.runners.statements.InvokeMethod.evaluate(InvokeMethod.java:20)
	at org.junit.internal.runners.statements.RunBefores.evaluate(RunBefores.java:28)
	at org.junit.internal.runners.statements.RunAfters.evaluate(RunAfters.java:30)
	at org.junit.runners.ParentRunner.runLeaf(ParentRunner.java:263)
	at org.junit.runners.BlockJUnit4ClassRunner.runChild(BlockJUnit4ClassRunner.java:68)
	at org.junit.runners.BlockJUnit4ClassRunner.runChild(BlockJUnit4ClassRunner.java:47)
	at org.junit.runners.ParentRunner$3.run(ParentRunner.java:231)
	at org.junit.runners.ParentRunner$1.schedule(ParentRunner.java:60)
	at org.junit.runners.ParentRunner.runChildren(ParentRunner.java:229)
	at org.junit.runners.ParentRunner.access$000(ParentRunner.java:50)
	at org.junit.runners.ParentRunner$2.evaluate(ParentRunner.java:222)
	at org.junit.internal.runners.statements.RunBefores.evaluate(RunBefores.java:28)
	at org.junit.internal.runners.statements.RunAfters.evaluate(RunAfters.java:30)
	at org.junit.runners.ParentRunner.run(ParentRunner.java:300)
	at junit.framework.JUnit4TestAdapter.run(JUnit4TestAdapter.java:39)
	at org.apache.tools.ant.taskdefs.optional.junit.JUnitTestRunner.run(JUnitTestRunner.java:535)
	at org.apache.tools.ant.taskdefs.optional.junit.JUnitTestRunner.launch(JUnitTestRunner.java:1182)
	at org.apache.tools.ant.taskdefs.optional.junit.JUnitTestRunner.main(JUnitTestRunner.java:1033)

]]></system-err>
</testsuite>
