<?xml version="1.0" encoding="UTF-8" ?>
<testsuite errors="1" failures="3" hostname="Corleto" name="practica2.ReportesTest" skipped="0" tests="4" time="0.875" timestamp="2019-09-21T01:40:40">
  <properties>
[...]
</properties>
  <testcase classname="practica2.ReportesTest" name="testGenerarPDF" time="0.466">
    <error message="\prueba.pdf (Acceso denegado)" type="java.io.FileNotFoundException">java.io.FileNotFoundException: \prueba.pdf (Acceso denegado)
	at java.io.FileOutputStream.open0(Native Method)
	at java.io.FileOutputStream.open(FileOutputStream.java:270)
	at java.io.FileOutputStream.&lt;init&gt;(FileOutputStream.java:213)
	at java.io.FileOutputStream.&lt;init&gt;(FileOutputStream.java:101)
	at practica2.Reportes.generarPDF(Reportes.java:603)
	at practica2.ReportesTest.testGenerarPDF(ReportesTest.java:105)
</error>
  </testcase>
  <testcase classname="practica2.ReportesTest" name="testSetPaciente" time="0.055">
    <failure message="The test case is a prototype." type="junit.framework.AssertionFailedError">junit.framework.AssertionFailedError: The test case is a prototype.
	at practica2.ReportesTest.testSetPaciente(ReportesTest.java:75)
</failure>
  </testcase>
  <testcase classname="practica2.ReportesTest" name="testMain" time="0.05">
    <failure message="The test case is a prototype." type="junit.framework.AssertionFailedError">junit.framework.AssertionFailedError: The test case is a prototype.
	at practica2.ReportesTest.testMain(ReportesTest.java:55)
</failure>
  </testcase>
  <testcase classname="practica2.ReportesTest" name="testSetDoctores" time="0.232">
    <failure message="The test case is a prototype." type="junit.framework.AssertionFailedError">junit.framework.AssertionFailedError: The test case is a prototype.
	at practica2.ReportesTest.testSetDoctores(ReportesTest.java:90)
</failure>
  </testcase>
  <system-out><![CDATA[generarPDF
setPaciente
main
setDoctores
]]></system-out>
  <system-err><![CDATA[]]></system-err>
</testsuite>
